Using pre-set license
Built from '2020.3/staging' branch; Version is '2020.3.0f1 (c7b5465681fb) revision 13088070'; Using compiler version '192528614'; Build Type 'Release'
OS: 'Windows 10 Home; OS build 19042.867; Version 2009; 64bit' Language: 'de' Physical Memory: 16226 MB
BatchMode: 1, IsHumanControllingUs: 0, StartBugReporterOnCrash: 0, Is64bit: 1, IsPro: 0

 COMMAND LINE ARGUMENTS:
C:\Program Files\Unity\Hub\Editor\2020.3.0f1\Editor\Unity.exe
-adb2
-batchMode
-noUpm
-name
AssetImportWorker0
-projectPath
C:/Users/qrno9/Documents/Unterlagen/Studium/Master/1_Semester_WS_2020/Intro_Unity/Unity_Projects/Void Defender/Bilbo
-logFile
Logs/AssetImportWorker0.log
-srvPort
51933
Successfully changed project path to: C:/Users/qrno9/Documents/Unterlagen/Studium/Master/1_Semester_WS_2020/Intro_Unity/Unity_Projects/Void Defender/Bilbo
C:/Users/qrno9/Documents/Unterlagen/Studium/Master/1_Semester_WS_2020/Intro_Unity/Unity_Projects/Void Defender/Bilbo
Using Asset Import Pipeline V2.
Refreshing native plugins compatible for Editor in 26.88 ms, found 0 plugins.
Preloading 0 native plugins for Editor in 0.00 ms.
Initialize engine version: 2020.3.0f1 (c7b5465681fb)
[Subsystems] Discovering subsystems at path C:/Program Files/Unity/Hub/Editor/2020.3.0f1/Editor/Data/Resources/UnitySubsystems
[Subsystems] Discovering subsystems at path C:/Users/qrno9/Documents/Unterlagen/Studium/Master/1_Semester_WS_2020/Intro_Unity/Unity_Projects/Void Defender/Bilbo/Assets
GfxDevice: creating device client; threaded=0
Direct3D:
    Version:  Direct3D 11.0 [level 11.1]
    Renderer: Intel(R) UHD Graphics 620 (ID=0x5917)
    Vendor:   
    VRAM:     8113 MB
    Driver:   23.20.16.5044
Initialize mono
Mono path[0] = 'C:/Program Files/Unity/Hub/Editor/2020.3.0f1/Editor/Data/Managed'
Mono path[1] = 'C:/Program Files/Unity/Hub/Editor/2020.3.0f1/Editor/Data/MonoBleedingEdge/lib/mono/unityjit'
Mono config path = 'C:/Program Files/Unity/Hub/Editor/2020.3.0f1/Editor/Data/MonoBleedingEdge/etc'
Using monoOptions --debugger-agent=transport=dt_socket,embedding=1,server=y,suspend=n,address=127.0.0.1:56992
Begin MonoManager ReloadAssembly
Registering precompiled unity dll's ...
Register platform support module: C:/Program Files/Unity/Hub/Editor/2020.3.0f1/Editor/Data/PlaybackEngines/WindowsStandaloneSupport/UnityEditor.WindowsStandalone.Extensions.dll
Registered in 0.002908 seconds.
Native extension for WindowsStandalone target not found
Refreshing native plugins compatible for Editor in 26.55 ms, found 0 plugins.
Preloading 0 native plugins for Editor in 0.00 ms.
Invoked RoslynAnalysisRunner static constructor.
RoslynAnalysisRunner will not be running.
RoslynAnalysisRunner has terminated.
Mono: successfully reloaded assembly
- Completed reload, in  1.273 seconds
Platform modules already initialized, skipping
Registering precompiled user dll's ...
Registered in 0.001049 seconds.
Begin MonoManager ReloadAssembly
Native extension for WindowsStandalone target not found
Refreshing native plugins compatible for Editor in 0.27 ms, found 0 plugins.
Preloading 0 native plugins for Editor in 0.00 ms.
Invoked RoslynAnalysisRunner static constructor.
RoslynAnalysisRunner will not be running.
RoslynAnalysisRunner has terminated.
Mono: successfully reloaded assembly
- Completed reload, in  0.838 seconds
Platform modules already initialized, skipping
========================================================================
Worker process is ready to serve import requests
Launched and connected shader compiler UnityShaderCompiler.exe after 0.06 seconds
Refreshing native plugins compatible for Editor in 0.26 ms, found 0 plugins.
Preloading 0 native plugins for Editor in 0.00 ms.
Unloading 1166 Unused Serialized files (Serialized files now loaded: 0)
System memory in use before: 143.7 MB.
System memory in use after: 143.7 MB.

Unloading 10 unused Assets to reduce memory usage. Loaded Objects now: 1628.
Total: 2.684600 ms (FindLiveObjects: 0.284200 ms CreateObjectMapping: 0.104500 ms MarkObjects: 2.147100 ms  DeleteObjects: 0.147700 ms)

========================================================================
Received Import Request.
  path: Assets/Scenes/GameOver.unity
  artifactKey: Guid(1820ea4dbedb33643829e3e2de5c34bd) Importer(815301076,1909f56bfc062723c751e8b465ee728b)
Start importing Assets/Scenes/GameOver.unity using Guid(1820ea4dbedb33643829e3e2de5c34bd) Importer(815301076,1909f56bfc062723c751e8b465ee728b)  -> (artifact id: '4b2cc8e43443acca0d0d3260a97a6491') in 0.018823 seconds
  Import took 0.025535 seconds .

========================================================================
Received Import Request.
  Time since last request: 4.152690 seconds.
  path: Assets/Scenes/Prototype2.unity
  artifactKey: Guid(e83217f16d7ce9148a6136a0b877c846) Importer(815301076,1909f56bfc062723c751e8b465ee728b)
Start importing Assets/Scenes/Prototype2.unity using Guid(e83217f16d7ce9148a6136a0b877c846) Importer(815301076,1909f56bfc062723c751e8b465ee728b)  -> (artifact id: '217c6f5a7c287d06a3e3fa09cae87653') in 0.012667 seconds
  Import took 0.019325 seconds .

========================================================================
Received Import Request.
  Time since last request: 144.025845 seconds.
  path: ProjectSettings/TagManager.asset
  artifactKey: Guid(00000000000000003000000000000000) Importer(815301076,1909f56bfc062723c751e8b465ee728b)
Start importing ProjectSettings/TagManager.asset using Guid(00000000000000003000000000000000) Importer(815301076,1909f56bfc062723c751e8b465ee728b)  -> (artifact id: '386addb92ab18f3252515a7129f961ce') in 0.045709 seconds
  Import took 0.048192 seconds .

========================================================================
Received Import Request.
  Time since last request: 109.802080 seconds.
  path: Assets/Scripts/UIManager.cs
  artifactKey: Guid(a5d3c957b0fb3a0408b5dafc396ba60a) Importer(815301076,1909f56bfc062723c751e8b465ee728b)
Start importing Assets/Scripts/UIManager.cs using Guid(a5d3c957b0fb3a0408b5dafc396ba60a) Importer(815301076,1909f56bfc062723c751e8b465ee728b)  -> (artifact id: '43c15fefb63c11702dd46dd9157ee0f4') in 0.024592 seconds
  Import took 0.027637 seconds .

========================================================================
Received Import Request.
  Time since last request: 377.538586 seconds.
  path: Assets/Scripts/UIManager.cs
  artifactKey: Guid(a5d3c957b0fb3a0408b5dafc396ba60a) Importer(815301076,1909f56bfc062723c751e8b465ee728b)
Start importing Assets/Scripts/UIManager.cs using Guid(a5d3c957b0fb3a0408b5dafc396ba60a) Importer(815301076,1909f56bfc062723c751e8b465ee728b)  -> (artifact id: '7e22ecc2b28039a3cec3e61a39a617f2') in 0.009508 seconds
  Import took 0.014888 seconds .

========================================================================
Received Import Request.
  Time since last request: 0.746269 seconds.
  path: Assets/Scripts/UIManager.cs
  artifactKey: Guid(a5d3c957b0fb3a0408b5dafc396ba60a) Importer(815301076,1909f56bfc062723c751e8b465ee728b)
Start importing Assets/Scripts/UIManager.cs using Guid(a5d3c957b0fb3a0408b5dafc396ba60a) Importer(815301076,1909f56bfc062723c751e8b465ee728b)  -> (artifact id: '7e22ecc2b28039a3cec3e61a39a617f2') in 0.014787 seconds
  Import took 0.020864 seconds .

========================================================================
Received Prepare
Registering precompiled user dll's ...
Registered in 0.001375 seconds.
Begin MonoManager ReloadAssembly
Native extension for WindowsStandalone target not found
Refreshing native plugins compatible for Editor in 0.37 ms, found 0 plugins.
Preloading 0 native plugins for Editor in 0.00 ms.
Invoked RoslynAnalysisRunner static constructor.
RoslynAnalysisRunner will not be running.
RoslynAnalysisRunner has terminated.
Mono: successfully reloaded assembly
- Completed reload, in  1.386 seconds
Platform modules already initialized, skipping
Refreshing native plugins compatible for Editor in 0.32 ms, found 0 plugins.
Preloading 0 native plugins for Editor in 0.00 ms.
Unloading 1148 Unused Serialized files (Serialized files now loaded: 0)
System memory in use before: 142.6 MB.
System memory in use after: 142.7 MB.

Unloading 6 unused Assets to reduce memory usage. Loaded Objects now: 1631.
Total: 2.449700 ms (FindLiveObjects: 0.190500 ms CreateObjectMapping: 0.052800 ms MarkObjects: 2.108700 ms  DeleteObjects: 0.096300 ms)

========================================================================
Received Import Request.
  Time since last request: 56.509723 seconds.
  path: Assets/Scripts/GameOverUIManager.cs
  artifactKey: Guid(73ce663f4181703428aee6d3e801f044) Importer(815301076,1909f56bfc062723c751e8b465ee728b)
Start importing Assets/Scripts/GameOverUIManager.cs using Guid(73ce663f4181703428aee6d3e801f044) Importer(815301076,1909f56bfc062723c751e8b465ee728b)  -> (artifact id: 'ec644a194dfafe05e482be10d1423889') in 0.019524 seconds
  Import took 0.023468 seconds .

========================================================================
Received Import Request.
  Time since last request: 0.001804 seconds.
  path: Assets/Scripts/GameOverUIManager.cs
  artifactKey: Guid(73ce663f4181703428aee6d3e801f044) Importer(815301076,1909f56bfc062723c751e8b465ee728b)
Start importing Assets/Scripts/GameOverUIManager.cs using Guid(73ce663f4181703428aee6d3e801f044) Importer(815301076,1909f56bfc062723c751e8b465ee728b)  -> (artifact id: 'ec644a194dfafe05e482be10d1423889') in 0.006254 seconds
  Import took 0.008563 seconds .

========================================================================
Received Import Request.
  Time since last request: 13.696173 seconds.
  path: Assets/Scripts/HighScorePlayer.cs
  artifactKey: Guid(ca51aec8176084845b9860518b69c4b4) Importer(815301076,1909f56bfc062723c751e8b465ee728b)
Start importing Assets/Scripts/HighScorePlayer.cs using Guid(ca51aec8176084845b9860518b69c4b4) Importer(815301076,1909f56bfc062723c751e8b465ee728b)  -> (artifact id: 'c808fa0f0787503a6a2212f1a269c481') in 0.013021 seconds
  Import took 0.015405 seconds .

========================================================================
Received Import Request.
  Time since last request: 0.000555 seconds.
  path: Assets/Scripts/HighScorePlayer.cs
  artifactKey: Guid(ca51aec8176084845b9860518b69c4b4) Importer(815301076,1909f56bfc062723c751e8b465ee728b)
Start importing Assets/Scripts/HighScorePlayer.cs using Guid(ca51aec8176084845b9860518b69c4b4) Importer(815301076,1909f56bfc062723c751e8b465ee728b)  -> (artifact id: 'c808fa0f0787503a6a2212f1a269c481') in 0.006417 seconds
  Import took 0.010443 seconds .

========================================================================
Received Prepare
Registering precompiled user dll's ...
Registered in 0.001000 seconds.
Begin MonoManager ReloadAssembly
Native extension for WindowsStandalone target not found
Refreshing native plugins compatible for Editor in 0.35 ms, found 0 plugins.
Preloading 0 native plugins for Editor in 0.00 ms.
Invoked RoslynAnalysisRunner static constructor.
RoslynAnalysisRunner will not be running.
RoslynAnalysisRunner has terminated.
Mono: successfully reloaded assembly
- Completed reload, in  1.348 seconds
Platform modules already initialized, skipping
Refreshing native plugins compatible for Editor in 0.75 ms, found 0 plugins.
Preloading 0 native plugins for Editor in 0.00 ms.
Unloading 1152 Unused Serialized files (Serialized files now loaded: 0)
System memory in use before: 142.7 MB.
System memory in use after: 142.8 MB.

Unloading 5 unused Assets to reduce memory usage. Loaded Objects now: 1638.
Total: 4.638300 ms (FindLiveObjects: 0.368500 ms CreateObjectMapping: 0.135100 ms MarkObjects: 3.929100 ms  DeleteObjects: 0.202100 ms)

========================================================================
Received Prepare
Registering precompiled user dll's ...
Registered in 0.001402 seconds.
Begin MonoManager ReloadAssembly
Native extension for WindowsStandalone target not found
Refreshing native plugins compatible for Editor in 0.28 ms, found 0 plugins.
Preloading 0 native plugins for Editor in 0.00 ms.
Invoked RoslynAnalysisRunner static constructor.
RoslynAnalysisRunner will not be running.
RoslynAnalysisRunner has terminated.
Mono: successfully reloaded assembly
- Completed reload, in  0.902 seconds
Platform modules already initialized, skipping
Refreshing native plugins compatible for Editor in 0.28 ms, found 0 plugins.
Preloading 0 native plugins for Editor in 0.00 ms.
Unloading 1153 Unused Serialized files (Serialized files now loaded: 0)
System memory in use before: 142.8 MB.
System memory in use after: 142.8 MB.

Unloading 5 unused Assets to reduce memory usage. Loaded Objects now: 1642.
Total: 2.320000 ms (FindLiveObjects: 0.144300 ms CreateObjectMapping: 0.036300 ms MarkObjects: 2.052300 ms  DeleteObjects: 0.086200 ms)

========================================================================
Received Prepare
Registering precompiled user dll's ...
Registered in 0.002640 seconds.
Begin MonoManager ReloadAssembly
Native extension for WindowsStandalone target not found
Refreshing native plugins compatible for Editor in 0.31 ms, found 0 plugins.
Preloading 0 native plugins for Editor in 0.00 ms.
Invoked RoslynAnalysisRunner static constructor.
RoslynAnalysisRunner will not be running.
RoslynAnalysisRunner has terminated.
Mono: successfully reloaded assembly
- Completed reload, in  1.085 seconds
Platform modules already initialized, skipping
Refreshing native plugins compatible for Editor in 0.29 ms, found 0 plugins.
Preloading 0 native plugins for Editor in 0.00 ms.
Unloading 1153 Unused Serialized files (Serialized files now loaded: 0)
System memory in use before: 142.8 MB.
System memory in use after: 142.9 MB.

Unloading 5 unused Assets to reduce memory usage. Loaded Objects now: 1645.
Total: 3.803200 ms (FindLiveObjects: 0.310900 ms CreateObjectMapping: 0.108700 ms MarkObjects: 3.171700 ms  DeleteObjects: 0.206500 ms)

========================================================================
Received Import Request.
  Time since last request: 579.232406 seconds.
  path: Assets/Scripts/Player.cs
  artifactKey: Guid(5474fed5b7fdd2f429b33b3ff5c7fcc6) Importer(815301076,1909f56bfc062723c751e8b465ee728b)
Start importing Assets/Scripts/Player.cs using Guid(5474fed5b7fdd2f429b33b3ff5c7fcc6) Importer(815301076,1909f56bfc062723c751e8b465ee728b)  -> (artifact id: '9a57ac6a437abfb154879678df43ee54') in 0.016682 seconds
  Import took 0.019722 seconds .

========================================================================
Received Import Request.
  Time since last request: 45.339115 seconds.
  path: Assets/Scripts/Player.cs
  artifactKey: Guid(5474fed5b7fdd2f429b33b3ff5c7fcc6) Importer(815301076,1909f56bfc062723c751e8b465ee728b)
Start importing Assets/Scripts/Player.cs using Guid(5474fed5b7fdd2f429b33b3ff5c7fcc6) Importer(815301076,1909f56bfc062723c751e8b465ee728b)  -> (artifact id: 'cc301d85b8995355a6c9ce5ac9e3dc4d') in 0.010294 seconds
  Import took 0.016134 seconds .

========================================================================
Received Import Request.
  Time since last request: 0.233200 seconds.
  path: Assets/Scripts/Player.cs
  artifactKey: Guid(5474fed5b7fdd2f429b33b3ff5c7fcc6) Importer(815301076,1909f56bfc062723c751e8b465ee728b)
Start importing Assets/Scripts/Player.cs using Guid(5474fed5b7fdd2f429b33b3ff5c7fcc6) Importer(815301076,1909f56bfc062723c751e8b465ee728b)  -> (artifact id: 'cc301d85b8995355a6c9ce5ac9e3dc4d') in 0.018973 seconds
  Import took 0.023195 seconds .

========================================================================
Received Prepare
Registering precompiled user dll's ...
Registered in 0.001346 seconds.
Begin MonoManager ReloadAssembly
Native extension for WindowsStandalone target not found
Refreshing native plugins compatible for Editor in 0.33 ms, found 0 plugins.
Preloading 0 native plugins for Editor in 0.00 ms.
Invoked RoslynAnalysisRunner static constructor.
RoslynAnalysisRunner will not be running.
RoslynAnalysisRunner has terminated.
Mono: successfully reloaded assembly
- Completed reload, in  1.189 seconds
Platform modules already initialized, skipping
Refreshing native plugins compatible for Editor in 0.30 ms, found 0 plugins.
Preloading 0 native plugins for Editor in 0.00 ms.
Unloading 1153 Unused Serialized files (Serialized files now loaded: 0)
System memory in use before: 142.8 MB.
System memory in use after: 142.9 MB.

Unloading 5 unused Assets to reduce memory usage. Loaded Objects now: 1648.
Total: 2.183700 ms (FindLiveObjects: 0.157300 ms CreateObjectMapping: 0.045800 ms MarkObjects: 1.889100 ms  DeleteObjects: 0.089300 ms)

========================================================================
Received Prepare
Registering precompiled user dll's ...
Registered in 0.002113 seconds.
Begin MonoManager ReloadAssembly
Native extension for WindowsStandalone target not found
Refreshing native plugins compatible for Editor in 0.38 ms, found 0 plugins.
Preloading 0 native plugins for Editor in 0.00 ms.
Invoked RoslynAnalysisRunner static constructor.
RoslynAnalysisRunner will not be running.
RoslynAnalysisRunner has terminated.
Mono: successfully reloaded assembly
- Completed reload, in  1.222 seconds
Platform modules already initialized, skipping
Refreshing native plugins compatible for Editor in 0.32 ms, found 0 plugins.
Preloading 0 native plugins for Editor in 0.00 ms.
Unloading 1153 Unused Serialized files (Serialized files now loaded: 0)
System memory in use before: 142.8 MB.
System memory in use after: 142.9 MB.

Unloading 5 unused Assets to reduce memory usage. Loaded Objects now: 1651.
Total: 3.870400 ms (FindLiveObjects: 0.440300 ms CreateObjectMapping: 0.139200 ms MarkObjects: 3.184400 ms  DeleteObjects: 0.102500 ms)

========================================================================
Received Prepare
Registering precompiled user dll's ...
Registered in 0.001547 seconds.
Begin MonoManager ReloadAssembly
Native extension for WindowsStandalone target not found
Refreshing native plugins compatible for Editor in 0.35 ms, found 0 plugins.
Preloading 0 native plugins for Editor in 0.00 ms.
Invoked RoslynAnalysisRunner static constructor.
RoslynAnalysisRunner will not be running.
RoslynAnalysisRunner has terminated.
Mono: successfully reloaded assembly
- Completed reload, in  1.542 seconds
Platform modules already initialized, skipping
Refreshing native plugins compatible for Editor in 0.30 ms, found 0 plugins.
Preloading 0 native plugins for Editor in 0.00 ms.
Unloading 1153 Unused Serialized files (Serialized files now loaded: 0)
System memory in use before: 142.8 MB.
System memory in use after: 142.9 MB.

Unloading 5 unused Assets to reduce memory usage. Loaded Objects now: 1654.
Total: 2.504800 ms (FindLiveObjects: 0.249300 ms CreateObjectMapping: 0.053200 ms MarkObjects: 2.104000 ms  DeleteObjects: 0.096700 ms)

========================================================================
Received Prepare
Registering precompiled user dll's ...
Registered in 0.001625 seconds.
Begin MonoManager ReloadAssembly
Native extension for WindowsStandalone target not found
Refreshing native plugins compatible for Editor in 0.39 ms, found 0 plugins.
Preloading 0 native plugins for Editor in 0.00 ms.
Invoked RoslynAnalysisRunner static constructor.
RoslynAnalysisRunner will not be running.
RoslynAnalysisRunner has terminated.
Mono: successfully reloaded assembly
- Completed reload, in  1.526 seconds
Platform modules already initialized, skipping
Refreshing native plugins compatible for Editor in 0.34 ms, found 0 plugins.
Preloading 0 native plugins for Editor in 0.00 ms.
Unloading 1153 Unused Serialized files (Serialized files now loaded: 0)
System memory in use before: 142.8 MB.
System memory in use after: 142.9 MB.

Unloading 5 unused Assets to reduce memory usage. Loaded Objects now: 1657.
Total: 3.107600 ms (FindLiveObjects: 0.245800 ms CreateObjectMapping: 0.088100 ms MarkObjects: 2.618700 ms  DeleteObjects: 0.152600 ms)

========================================================================
Received Prepare
Registering precompiled user dll's ...
Registered in 0.039458 seconds.
Begin MonoManager ReloadAssembly
Native extension for WindowsStandalone target not found
Refreshing native plugins compatible for Editor in 0.32 ms, found 0 plugins.
Preloading 0 native plugins for Editor in 0.00 ms.
Invoked RoslynAnalysisRunner static constructor.
RoslynAnalysisRunner will not be running.
RoslynAnalysisRunner has terminated.
Mono: successfully reloaded assembly
- Completed reload, in  1.164 seconds
Platform modules already initialized, skipping
Refreshing native plugins compatible for Editor in 0.38 ms, found 0 plugins.
Preloading 0 native plugins for Editor in 0.00 ms.
Unloading 1153 Unused Serialized files (Serialized files now loaded: 0)
System memory in use before: 142.8 MB.
System memory in use after: 142.9 MB.

Unloading 5 unused Assets to reduce memory usage. Loaded Objects now: 1660.
Total: 3.942900 ms (FindLiveObjects: 0.381700 ms CreateObjectMapping: 0.125200 ms MarkObjects: 3.272200 ms  DeleteObjects: 0.161000 ms)

========================================================================
Received Prepare
Registering precompiled user dll's ...
Registered in 0.001840 seconds.
Begin MonoManager ReloadAssembly
Native extension for WindowsStandalone target not found
Refreshing native plugins compatible for Editor in 0.33 ms, found 0 plugins.
Preloading 0 native plugins for Editor in 0.00 ms.
Invoked RoslynAnalysisRunner static constructor.
RoslynAnalysisRunner will not be running.
RoslynAnalysisRunner has terminated.
Mono: successfully reloaded assembly
- Completed reload, in  1.199 seconds
Platform modules already initialized, skipping
Refreshing native plugins compatible for Editor in 0.31 ms, found 0 plugins.
Preloading 0 native plugins for Editor in 0.00 ms.
Unloading 1153 Unused Serialized files (Serialized files now loaded: 0)
System memory in use before: 142.8 MB.
System memory in use after: 142.9 MB.

Unloading 5 unused Assets to reduce memory usage. Loaded Objects now: 1663.
Total: 2.360300 ms (FindLiveObjects: 0.245800 ms CreateObjectMapping: 0.073100 ms MarkObjects: 1.946100 ms  DeleteObjects: 0.094100 ms)

========================================================================
Received Prepare
Registering precompiled user dll's ...
Registered in 0.001018 seconds.
Begin MonoManager ReloadAssembly
Native extension for WindowsStandalone target not found
Refreshing native plugins compatible for Editor in 0.32 ms, found 0 plugins.
Preloading 0 native plugins for Editor in 0.00 ms.
Invoked RoslynAnalysisRunner static constructor.
RoslynAnalysisRunner will not be running.
RoslynAnalysisRunner has terminated.
Mono: successfully reloaded assembly
- Completed reload, in  0.960 seconds
Platform modules already initialized, skipping
Refreshing native plugins compatible for Editor in 0.29 ms, found 0 plugins.
Preloading 0 native plugins for Editor in 0.00 ms.
Unloading 1153 Unused Serialized files (Serialized files now loaded: 0)
System memory in use before: 142.8 MB.
System memory in use after: 142.9 MB.

Unloading 5 unused Assets to reduce memory usage. Loaded Objects now: 1666.
Total: 3.418200 ms (FindLiveObjects: 0.362800 ms CreateObjectMapping: 0.148300 ms MarkObjects: 2.812500 ms  DeleteObjects: 0.092100 ms)

========================================================================
Received Prepare
Registering precompiled user dll's ...
Registered in 0.001793 seconds.
Begin MonoManager ReloadAssembly
Native extension for WindowsStandalone target not found
Refreshing native plugins compatible for Editor in 0.32 ms, found 0 plugins.
Preloading 0 native plugins for Editor in 0.00 ms.
Invoked RoslynAnalysisRunner static constructor.
RoslynAnalysisRunner will not be running.
RoslynAnalysisRunner has terminated.
Mono: successfully reloaded assembly
- Completed reload, in  1.179 seconds
Platform modules already initialized, skipping
Refreshing native plugins compatible for Editor in 0.34 ms, found 0 plugins.
Preloading 0 native plugins for Editor in 0.00 ms.
Unloading 1153 Unused Serialized files (Serialized files now loaded: 0)
System memory in use before: 142.8 MB.
System memory in use after: 142.9 MB.

Unloading 5 unused Assets to reduce memory usage. Loaded Objects now: 1669.
Total: 2.449100 ms (FindLiveObjects: 0.197600 ms CreateObjectMapping: 0.053700 ms MarkObjects: 2.078900 ms  DeleteObjects: 0.117400 ms)

========================================================================
Received Prepare
Registering precompiled user dll's ...
Registered in 0.002022 seconds.
Begin MonoManager ReloadAssembly
Native extension for WindowsStandalone target not found
Refreshing native plugins compatible for Editor in 0.33 ms, found 0 plugins.
Preloading 0 native plugins for Editor in 0.00 ms.
Invoked RoslynAnalysisRunner static constructor.
RoslynAnalysisRunner will not be running.
RoslynAnalysisRunner has terminated.
Mono: successfully reloaded assembly
- Completed reload, in  1.109 seconds
Platform modules already initialized, skipping
Refreshing native plugins compatible for Editor in 0.30 ms, found 0 plugins.
Preloading 0 native plugins for Editor in 0.00 ms.
Unloading 1153 Unused Serialized files (Serialized files now loaded: 0)
System memory in use before: 142.8 MB.
System memory in use after: 142.9 MB.

Unloading 5 unused Assets to reduce memory usage. Loaded Objects now: 1672.
Total: 2.429100 ms (FindLiveObjects: 0.186900 ms CreateObjectMapping: 0.056500 ms MarkObjects: 2.080500 ms  DeleteObjects: 0.103400 ms)

========================================================================
Received Import Request.
  Time since last request: 493.264690 seconds.
  path: Assets/Scripts/SubmitHighScoreButton.cs
  artifactKey: Guid(ee61f74efb3600c4380a6b7876a5385f) Importer(815301076,1909f56bfc062723c751e8b465ee728b)
Start importing Assets/Scripts/SubmitHighScoreButton.cs using Guid(ee61f74efb3600c4380a6b7876a5385f) Importer(815301076,1909f56bfc062723c751e8b465ee728b)  -> (artifact id: '1e330815c0d8e2797e642625b7b26bbc') in 0.015407 seconds
  Import took 0.018366 seconds .

========================================================================
Received Import Request.
  Time since last request: 0.024767 seconds.
  path: Assets/Scripts/SubmitHighScoreButton.cs
  artifactKey: Guid(ee61f74efb3600c4380a6b7876a5385f) Importer(815301076,1909f56bfc062723c751e8b465ee728b)
Start importing Assets/Scripts/SubmitHighScoreButton.cs using Guid(ee61f74efb3600c4380a6b7876a5385f) Importer(815301076,1909f56bfc062723c751e8b465ee728b)  -> (artifact id: '1e330815c0d8e2797e642625b7b26bbc') in 0.005709 seconds
  Import took 0.008145 seconds .

========================================================================
Received Import Request.
  Time since last request: 12.774222 seconds.
  path: Assets/highscores.csv
  artifactKey: Guid(5d4295bd7e2c04a40b6b30ce280b6b40) Importer(815301076,1909f56bfc062723c751e8b465ee728b)
Start importing Assets/highscores.csv using Guid(5d4295bd7e2c04a40b6b30ce280b6b40) Importer(815301076,1909f56bfc062723c751e8b465ee728b)  -> (artifact id: 'b6b5076787676bcb33c08944e9225f41') in 0.026888 seconds
  Import took 0.030800 seconds .

========================================================================
Received Import Request.
  Time since last request: 0.000360 seconds.
  path: Assets/highscores.csv
  artifactKey: Guid(5d4295bd7e2c04a40b6b30ce280b6b40) Importer(815301076,1909f56bfc062723c751e8b465ee728b)
Start importing Assets/highscores.csv using Guid(5d4295bd7e2c04a40b6b30ce280b6b40) Importer(815301076,1909f56bfc062723c751e8b465ee728b)  -> (artifact id: 'b6b5076787676bcb33c08944e9225f41') in 0.006817 seconds
  Import took 0.009337 seconds .

========================================================================
Received Prepare
Registering precompiled user dll's ...
Registered in 0.001312 seconds.
Begin MonoManager ReloadAssembly
Native extension for WindowsStandalone target not found
Refreshing native plugins compatible for Editor in 0.27 ms, found 0 plugins.
Preloading 0 native plugins for Editor in 0.00 ms.
Invoked RoslynAnalysisRunner static constructor.
RoslynAnalysisRunner will not be running.
RoslynAnalysisRunner has terminated.
Mono: successfully reloaded assembly
- Completed reload, in  1.002 seconds
Platform modules already initialized, skipping
Refreshing native plugins compatible for Editor in 0.26 ms, found 0 plugins.
Preloading 0 native plugins for Editor in 0.00 ms.
Unloading 1153 Unused Serialized files (Serialized files now loaded: 0)
System memory in use before: 142.8 MB.
System memory in use after: 142.9 MB.

Unloading 5 unused Assets to reduce memory usage. Loaded Objects now: 1675.
Total: 2.551900 ms (FindLiveObjects: 0.171300 ms CreateObjectMapping: 0.046000 ms MarkObjects: 2.247600 ms  DeleteObjects: 0.085800 ms)

========================================================================
Received Import Request.
  Time since last request: 249.566192 seconds.
  path: Assets/highscores.csv
  artifactKey: Guid(5d4295bd7e2c04a40b6b30ce280b6b40) Importer(815301076,1909f56bfc062723c751e8b465ee728b)
Start importing Assets/highscores.csv using Guid(5d4295bd7e2c04a40b6b30ce280b6b40) Importer(815301076,1909f56bfc062723c751e8b465ee728b)  -> (artifact id: 'e1091a52c71665696d44c5201b05f4c0') in 0.023736 seconds
  Import took 0.026644 seconds .

========================================================================
Received Prepare
Registering precompiled user dll's ...
Registered in 0.001498 seconds.
Begin MonoManager ReloadAssembly
Native extension for WindowsStandalone target not found
Refreshing native plugins compatible for Editor in 0.30 ms, found 0 plugins.
Preloading 0 native plugins for Editor in 0.00 ms.
Invoked RoslynAnalysisRunner static constructor.
RoslynAnalysisRunner will not be running.
RoslynAnalysisRunner has terminated.
Mono: successfully reloaded assembly
- Completed reload, in  1.061 seconds
Platform modules already initialized, skipping
Refreshing native plugins compatible for Editor in 0.33 ms, found 0 plugins.
Preloading 0 native plugins for Editor in 0.00 ms.
Unloading 1153 Unused Serialized files (Serialized files now loaded: 0)
System memory in use before: 142.9 MB.
System memory in use after: 142.9 MB.

Unloading 5 unused Assets to reduce memory usage. Loaded Objects now: 1678.
Total: 2.337600 ms (FindLiveObjects: 0.228900 ms CreateObjectMapping: 0.059500 ms MarkObjects: 1.941400 ms  DeleteObjects: 0.106500 ms)

========================================================================
Received Import Request.
  Time since last request: 99.217390 seconds.
  path: Assets/Scripts/GameOverUIManager.cs
  artifactKey: Guid(73ce663f4181703428aee6d3e801f044) Importer(815301076,1909f56bfc062723c751e8b465ee728b)
Start importing Assets/Scripts/GameOverUIManager.cs using Guid(73ce663f4181703428aee6d3e801f044) Importer(815301076,1909f56bfc062723c751e8b465ee728b)  -> (artifact id: '840142f454ee9640e72c911741e9172b') in 0.013247 seconds
  Import took 0.015597 seconds .

========================================================================
Received Import Request.
  Time since last request: 0.001222 seconds.
  path: Assets/Scripts/GameOverUIManager.cs
  artifactKey: Guid(73ce663f4181703428aee6d3e801f044) Importer(815301076,1909f56bfc062723c751e8b465ee728b)
Start importing Assets/Scripts/GameOverUIManager.cs using Guid(73ce663f4181703428aee6d3e801f044) Importer(815301076,1909f56bfc062723c751e8b465ee728b)  -> (artifact id: '840142f454ee9640e72c911741e9172b') in 0.005902 seconds
  Import took 0.008636 seconds .

========================================================================
Received Prepare
Registering precompiled user dll's ...
Registered in 0.001267 seconds.
Begin MonoManager ReloadAssembly
Native extension for WindowsStandalone target not found
Refreshing native plugins compatible for Editor in 0.29 ms, found 0 plugins.
Preloading 0 native plugins for Editor in 0.00 ms.
Invoked RoslynAnalysisRunner static constructor.
RoslynAnalysisRunner will not be running.
RoslynAnalysisRunner has terminated.
Mono: successfully reloaded assembly
- Completed reload, in  1.146 seconds
Platform modules already initialized, skipping
Refreshing native plugins compatible for Editor in 0.44 ms, found 0 plugins.
Preloading 0 native plugins for Editor in 0.00 ms.
Unloading 1153 Unused Serialized files (Serialized files now loaded: 0)
System memory in use before: 142.9 MB.
System memory in use after: 142.9 MB.

Unloading 5 unused Assets to reduce memory usage. Loaded Objects now: 1681.
Total: 2.350200 ms (FindLiveObjects: 0.176700 ms CreateObjectMapping: 0.056500 ms MarkObjects: 2.021200 ms  DeleteObjects: 0.094200 ms)

========================================================================
Received Import Request.
  Time since last request: 12.377213 seconds.
  path: Assets/Scripts/GameOverUIManager.cs
  artifactKey: Guid(73ce663f4181703428aee6d3e801f044) Importer(815301076,1909f56bfc062723c751e8b465ee728b)
Start importing Assets/Scripts/GameOverUIManager.cs using Guid(73ce663f4181703428aee6d3e801f044) Importer(815301076,1909f56bfc062723c751e8b465ee728b)  -> (artifact id: '5ba48a5877022a782c8f5e482bf353a8') in 0.012819 seconds
  Import took 0.017632 seconds .

========================================================================
Received Prepare
Registering precompiled user dll's ...
Registered in 0.001673 seconds.
Begin MonoManager ReloadAssembly
Native extension for WindowsStandalone target not found
Refreshing native plugins compatible for Editor in 0.31 ms, found 0 plugins.
Preloading 0 native plugins for Editor in 0.00 ms.
Invoked RoslynAnalysisRunner static constructor.
RoslynAnalysisRunner will not be running.
RoslynAnalysisRunner has terminated.
Mono: successfully reloaded assembly
- Completed reload, in  1.062 seconds
Platform modules already initialized, skipping
Refreshing native plugins compatible for Editor in 0.31 ms, found 0 plugins.
Preloading 0 native plugins for Editor in 0.00 ms.
Unloading 1153 Unused Serialized files (Serialized files now loaded: 0)
System memory in use before: 142.9 MB.
System memory in use after: 142.9 MB.

Unloading 5 unused Assets to reduce memory usage. Loaded Objects now: 1684.
Total: 2.291200 ms (FindLiveObjects: 0.191400 ms CreateObjectMapping: 0.047600 ms MarkObjects: 1.950000 ms  DeleteObjects: 0.100500 ms)

========================================================================
Received Import Request.
  Time since last request: 85.494281 seconds.
  path: Assets/Scripts/Player.cs
  artifactKey: Guid(5474fed5b7fdd2f429b33b3ff5c7fcc6) Importer(815301076,1909f56bfc062723c751e8b465ee728b)
Start importing Assets/Scripts/Player.cs using Guid(5474fed5b7fdd2f429b33b3ff5c7fcc6) Importer(815301076,1909f56bfc062723c751e8b465ee728b)  -> (artifact id: 'a8ae08e633b3f26072daff3f660b5170') in 0.011252 seconds
  Import took 0.013775 seconds .

========================================================================
Received Import Request.
  Time since last request: 0.031026 seconds.
  path: Assets/Scripts/Player.cs
  artifactKey: Guid(5474fed5b7fdd2f429b33b3ff5c7fcc6) Importer(815301076,1909f56bfc062723c751e8b465ee728b)
Start importing Assets/Scripts/Player.cs using Guid(5474fed5b7fdd2f429b33b3ff5c7fcc6) Importer(815301076,1909f56bfc062723c751e8b465ee728b)  -> (artifact id: 'a8ae08e633b3f26072daff3f660b5170') in 0.006848 seconds
  Import took 0.009901 seconds .

AssetImportWorkerClient::OnTransportError - code=2 error=End of file
